[2025-09-10 15:13:58] [INFO    ] discord.client: logging in using static token
[2025-09-10 15:13:58] [DEBUG   ] discord.http: GET https://discord.com/api/v10/users/@me with None has returned 200
[2025-09-10 15:13:58] [DEBUG   ] discord.http: GET /users/@me has found its initial rate limit bucket hash (78bb8553d9352a5a2f89f9def401287a).
[2025-09-10 15:13:58] [DEBUG   ] discord.http: GET https://discord.com/api/v10/users/@me has received {'id': '1415287898760286303', 'username': 'Aurelius', 'avatar': '43b7d0a486c445a1b634ce5df4ed7b71', 'discriminator': '7104', 'public_flags': 0, 'flags': 0, 'bot': True, 'banner': None, 'accent_color': None, 'global_name': None, 'avatar_decoration_data': None, 'collectibles': None, 'display_name_styles': None, 'banner_color': None, 'clan': None, 'primary_guild': None, 'mfa_enabled': False, 'locale': 'en-US', 'premium_type': 0, 'email': None, 'verified': True, 'bio': ''}
[2025-09-10 15:13:58] [DEBUG   ] discord.http: GET https://discord.com/api/v10/oauth2/applications/@me with None has returned 200
[2025-09-10 15:13:58] [DEBUG   ] discord.http: GET /oauth2/applications/@me has found its initial rate limit bucket hash (d28a133af187e91d71d96a223467ce49).
[2025-09-10 15:13:58] [DEBUG   ] discord.http: GET https://discord.com/api/v10/oauth2/applications/@me has received {'id': '1415287898760286303', 'name': 'Aurelius', 'icon': None, 'description': '', 'type': None, 'bot': {'id': '1415287898760286303', 'username': 'Aurelius', 'avatar': '43b7d0a486c445a1b634ce5df4ed7b71', 'discriminator': '7104', 'public_flags': 0, 'flags': 0, 'bot': True, 'banner': None, 'accent_color': None, 'global_name': None, 'avatar_decoration_data': None, 'collectibles': None, 'display_name_styles': None, 'banner_color': None, 'clan': None, 'primary_guild': None}, 'summary': '', 'is_monetized': False, 'is_verified': False, 'is_discoverable': False, 'bot_public': True, 'bot_require_code_grant': False, 'install_params': {'scopes': ['applications.commands'], 'permissions': '0'}, 'integration_types_config': {'0': {'oauth2_install_params': {'scopes': ['applications.commands'], 'permissions': '0'}}, '1': {'oauth2_install_params': {'scopes': ['applications.commands'], 'permissions': '0'}}}, 'verify_key': '2c1a2eb8ba821a9b7896dbcf9074130c9fe5c2ed2553e25349704f2808b4b0da', 'flags': 557056, 'hook': True, 'storefront_available': False, 'redirect_uris': [], 'interactions_endpoint_url': None, 'role_connections_verification_url': None, 'owner': {'id': '357837363206029322', 'username': 'alexandref', 'avatar': '6b9f94ac7fcd68b2d968fe92009d11ec', 'discriminator': '0', 'public_flags': 128, 'flags': 128, 'banner': None, 'accent_color': 15310789, 'global_name': 'AlexandreF', 'avatar_decoration_data': None, 'collectibles': None, 'display_name_styles': None, 'banner_color': '#e99fc5', 'clan': None, 'primary_guild': None}, 'approximate_guild_count': 0, 'approximate_user_install_count': 0, 'approximate_user_authorization_count': 0, 'interactions_event_types': [], 'interactions_version': 1, 'explicit_content_filter': 0, 'rpc_application_state': 0, 'store_application_state': 1, 'verification_state': 1, 'integration_public': True, 'integration_require_code_grant': False, 'discoverability_state': 1, 'discovery_eligibility_flags': 224, 'monetization_state': 1, 'verification_eligibility_flags': 91036, 'monetization_eligibility_flags': 181988, 'team': None, 'internal_guild_restriction': 2, 'approved_consoles': [], 'pricing_localization_strategy': 'localized_price_sets'}
[2025-09-10 15:13:58] [DEBUG   ] discord.gateway: Created websocket connected to wss://gateway.discord.gg/
[2025-09-10 15:13:58] [DEBUG   ] discord.gateway: For Shard ID None: WebSocket Event: {'t': None, 's': None, 'op': 10, 'd': {'heartbeat_interval': 41250, '_trace': ['["gateway-prd-arm-us-east1-d-03hn",{"micros":0.0}]']}}
[2025-09-10 15:13:58] [DEBUG   ] discord.gateway: Shard ID None has sent the IDENTIFY payload.
[2025-09-10 15:13:58] [DEBUG   ] discord.gateway: For Shard ID None: WebSocket Event: {'t': None, 's': None, 'op': 11, 'd': None}
[2025-09-10 15:13:59] [DEBUG   ] discord.gateway: For Shard ID None: WebSocket Event: {'t': 'READY', 's': 1, 'op': 0, 'd': {'v': 10, 'user_settings': {}, 'user': {'verified': True, 'username': 'Aurelius', 'primary_guild': None, 'mfa_enabled': False, 'id': '1415287898760286303', 'global_name': None, 'flags': 0, 'email': None, 'discriminator': '7104', 'clan': None, 'bot': True, 'avatar': '43b7d0a486c445a1b634ce5df4ed7b71'}, 'session_type': 'normal', 'session_id': 'c14686a33df86e1c04fa7fadf31efc94', 'resume_gateway_url': 'wss://gateway-us-east1-d.discord.gg', 'relationships': [], 'private_channels': [], 'presences': [], 'guilds': [{'unavailable': True, 'id': '1415315585818034178'}], 'guild_join_requests': [], 'geo_ordered_rtc_regions': ['madrid', 'paris', 'london', 'milan', 'rotterdam'], 'game_relationships': [], 'auth': {}, 'application': {'id': '1415287898760286303', 'flags': 557056}, '_trace': ['["gateway-prd-arm-us-east1-d-03hn",{"micros":95888,"calls":["id_created",{"micros":367,"calls":[]},"session_lookup_time",{"micros":2549,"calls":[]},"session_lookup_finished",{"micros":11,"calls":[]},"discord-sessions-prd-2-87",{"micros":91728,"calls":["start_session",{"micros":71785,"calls":["discord-api-rpc-6f9b754498-5nt77",{"micros":41054,"calls":["get_user",{"micros":4996},"get_guilds",{"micros":2797},"send_scheduled_deletion_message",{"micros":10},"guild_join_requests",{"micros":1951},"authorized_ip_coro",{"micros":16},"pending_payments",{"micros":21626},"apex_experiments",{"micros":2414},"user_activities",{"micros":4},"played_application_ids",{"micros":3}]}]},"starting_guild_connect",{"micros":30,"calls":[]},"presence_started",{"micros":6258,"calls":[]},"guilds_started",{"micros":63,"calls":[]},"lobbies_started",{"micros":1,"calls":[]},"guilds_connect",{"micros":2,"calls":[]},"presence_connect",{"micros":13571,"calls":[]},"connect_finished",{"micros":13575,"calls":[]},"build_ready",{"micros":14,"calls":[]},"clean_ready",{"micros":1,"calls":[]},"optimize_ready",{"micros":0,"calls":[]},"split_ready",{"micros":0,"calls":[]}]}]}]']}}
[2025-09-10 15:13:59] [DEBUG   ] discord.client: Dispatching event socket_event_type
[2025-09-10 15:13:59] [INFO    ] discord.gateway: Shard ID None has connected to Gateway (Session ID: c14686a33df86e1c04fa7fadf31efc94).
[2025-09-10 15:13:59] [DEBUG   ] discord.client: Dispatching event connect
[2025-09-10 15:13:59] [DEBUG   ] discord.gateway: For Shard ID None: WebSocket Event: {'t': 'GUILD_CREATE', 's': 2, 'op': 0, 'd': {'discovery_splash': None, 'premium_features': None, 'system_channel_flags': 0, 'verification_level': 0, 'latest_onboarding_question_id': None, 'stage_instances': [], 'profile': None, 'stickers': [], 'premium_subscription_count': 0, 'features': [], 'inventory_settings': None, 'member_count': 2, 'incidents_data': None, 'owner_id': '357837363206029322', 'moderator_reporting': None, 'voice_states': [], 'vanity_url_code': None, 'safety_alerts_channel_id': None, 'id': '1415315585818034178', 'afk_timeout': 300, 'guild_scheduled_events': [], 'presences': [], 'hub_type': None, 'name': 'test', 'region': 'deprecated', 'unavailable': False, 'owner_configured_content_level': 0, 'system_channel_id': '1415315586468286528', 'roles': [{'version': 1757507931102, 'unicode_emoji': None, 'tags': {}, 'position': 0, 'permissions': '2248473465835073', 'name': '@everyone', 'mentionable': False, 'managed': False, 'id': '1415315585818034178', 'icon': None, 'hoist': False, 'flags': 0, 'colors': {'tertiary_color': None, 'secondary_color': None, 'primary_color': 0}, 'color': 0}, {'version': 1757507990104, 'unicode_emoji': None, 'tags': {'bot_id': '1415287898760286303'}, 'position': 1, 'permissions': '292058082304', 'name': 'Aurelius', 'mentionable': False, 'managed': True, 'id': '1415315833772707890', 'icon': None, 'hoist': False, 'flags': 0, 'colors': {'tertiary_color': None, 'secondary_color': None, 'primary_color': 0}, 'color': 0}], 'nsfw': False, 'threads': [], 'application_id': None, 'banner': None, 'description': None, 'home_header': None, 'splash': None, 'max_stage_video_channel_users': 50, 'default_message_notifications': 0, 'activity_instances': [], 'public_updates_channel_id': None, 'mfa_level': 0, 'afk_channel_id': None, 'channels': [{'version': 1757507931108, 'type': 4, 'position': 0, 'permission_overwrites': [], 'name': 'Text Channels', 'id': '1415315586468286526', 'flags': 0}, {'version': 1757507931115, 'type': 4, 'position': 0, 'permission_overwrites': [], 'name': 'Voice Channels', 'id': '1415315586468286527', 'flags': 0}, {'version': 1757507931126, 'type': 0, 'topic': None, 'rate_limit_per_user': 0, 'position': 0, 'permission_overwrites': [], 'parent_id': '1415315586468286526', 'name': 'general', 'last_message_id': '1415353200172863499', 'id': '1415315586468286528', 'icon_emoji': {'name': 'üëã', 'id': None}, 'flags': 0}, {'version': 1757507931140, 'user_limit': 0, 'type': 2, 'rtc_region': None, 'rate_limit_per_user': 0, 'position': 0, 'permission_overwrites': [], 'parent_id': '1415315586468286527', 'name': 'General', 'last_message_id': None, 'id': '1415315586468286529', 'icon_emoji': {'name': 'üéô', 'id': None}, 'flags': 0, 'bitrate': 64000}], 'soundboard_sounds': [], 'application_command_counts': {}, 'nsfw_level': 0, 'large': False, 'explicit_content_filter': 0, 'premium_tier': 0, 'joined_at': '2025-09-10T12:39:50.143069+00:00', 'preferred_locale': 'en-US', 'lazy': True, 'max_video_channel_users': 25, 'premium_progress_bar_enabled': False, 'embedded_activities': [], 'version': 1757507931146, 'emojis': [], 'max_members': 25000000, 'members': [{'user': {'username': 'Aurelius', 'public_flags': 0, 'primary_guild': None, 'id': '1415287898760286303', 'global_name': None, 'display_name_styles': None, 'display_name': None, 'discriminator': '7104', 'collectibles': None, 'bot': True, 'avatar_decoration_data': None, 'avatar': '43b7d0a486c445a1b634ce5df4ed7b71'}, 'roles': ['1415315833772707890'], 'premium_since': None, 'pending': False, 'nick': None, 'mute': False, 'joined_at': '2025-09-10T12:39:50.143069+00:00', 'flags': 0, 'deaf': False, 'communication_disabled_until': None, 'banner': None, 'avatar': None}], 'rules_channel_id': None, 'icon': None}}
[2025-09-10 15:13:59] [DEBUG   ] discord.client: Dispatching event socket_event_type
[2025-09-10 15:13:59] [DEBUG   ] discord.gateway: For Shard ID None: WebSocket Event: {'t': 'GUILD_MEMBERS_CHUNK', 's': 3, 'op': 0, 'd': {'nonce': '13d3a9205f8a710d5b5b6f2be55d61f2', 'members': [{'user': {'username': 'alexandref', 'public_flags': 128, 'primary_guild': None, 'id': '357837363206029322', 'global_name': 'AlexandreF', 'display_name_styles': None, 'display_name': 'AlexandreF', 'discriminator': '0', 'collectibles': None, 'bot': False, 'avatar_decoration_data': None, 'avatar': '6b9f94ac7fcd68b2d968fe92009d11ec'}, 'roles': [], 'premium_since': None, 'pending': False, 'nick': None, 'mute': False, 'joined_at': '2025-09-10T12:38:51.049000+00:00', 'flags': 0, 'deaf': False, 'communication_disabled_until': None, 'banner': None, 'avatar': None}, {'user': {'username': 'Aurelius', 'public_flags': 0, 'primary_guild': None, 'id': '1415287898760286303', 'global_name': None, 'display_name_styles': None, 'display_name': None, 'discriminator': '7104', 'collectibles': None, 'bot': True, 'avatar_decoration_data': None, 'avatar': '43b7d0a486c445a1b634ce5df4ed7b71'}, 'roles': ['1415315833772707890'], 'premium_since': None, 'pending': False, 'nick': None, 'mute': False, 'joined_at': '2025-09-10T12:39:50.143069+00:00', 'flags': 0, 'deaf': False, 'communication_disabled_until': None, 'banner': None, 'avatar': None}], 'guild_id': '1415315585818034178', 'chunk_index': 0, 'chunk_count': 1}}
[2025-09-10 15:13:59] [DEBUG   ] discord.client: Dispatching event socket_event_type
[2025-09-10 15:13:59] [DEBUG   ] discord.state: Processed a chunk for 2 members in guild ID 1415315585818034178.
[2025-09-10 15:14:01] [DEBUG   ] discord.client: Dispatching event guild_available
[2025-09-10 15:14:01] [DEBUG   ] discord.client: Dispatching event ready
[2025-09-10 15:14:05] [DEBUG   ] discord.gateway: For Shard ID None: WebSocket Event: {'t': 'MESSAGE_CREATE', 's': 4, 'op': 0, 'd': {'type': 0, 'tts': False, 'timestamp': '2025-09-10T15:14:04.876000+00:00', 'pinned': False, 'nonce': '1415354653452795904', 'mentions': [], 'mention_roles': [], 'mention_everyone': False, 'member': {'roles': [], 'premium_since': None, 'pending': False, 'nick': None, 'mute': False, 'joined_at': '2025-09-10T12:38:51.049000+00:00', 'flags': 0, 'deaf': False, 'communication_disabled_until': None, 'banner': None, 'avatar': None}, 'id': '1415354651250917408', 'flags': 0, 'embeds': [], 'edited_timestamp': None, 'content': '!stock apple', 'components': [], 'channel_type': 0, 'channel_id': '1415315586468286528', 'author': {'username': 'alexandref', 'public_flags': 128, 'primary_guild': None, 'id': '357837363206029322', 'global_name': 'AlexandreF', 'display_name_styles': None, 'discriminator': '0', 'collectibles': None, 'clan': None, 'avatar_decoration_data': None, 'avatar': '6b9f94ac7fcd68b2d968fe92009d11ec'}, 'attachments': [], 'guild_id': '1415315585818034178'}}
[2025-09-10 15:14:05] [DEBUG   ] discord.client: Dispatching event socket_event_type
[2025-09-10 15:14:05] [DEBUG   ] discord.client: Dispatching event message
[2025-09-10 15:14:05] [DEBUG   ] discord.client: Dispatching event command
[2025-09-10 15:14:06] [DEBUG   ] discord.gateway: For Shard ID None: WebSocket Event: {'t': 'MESSAGE_CREATE', 's': 5, 'op': 0, 'd': {'type': 0, 'tts': False, 'timestamp': '2025-09-10T15:14:06.129000+00:00', 'pinned': False, 'nonce': '8346547625039434493', 'mentions': [], 'mention_roles': [], 'mention_everyone': False, 'member': {'roles': ['1415315833772707890'], 'premium_since': None, 'pending': False, 'nick': None, 'mute': False, 'joined_at': '2025-09-10T12:39:50.143069+00:00', 'flags': 0, 'deaf': False, 'communication_disabled_until': None, 'banner': None, 'avatar': None}, 'id': '1415354656506253483', 'flags': 0, 'embeds': [], 'edited_timestamp': None, 'content': 'Current stock information for **AAPL**\nüíµ**Price**: $227.85\nüìà**Change**: -2.77%\nüè¶**Market Cap**: $3.38T', 'components': [], 'channel_type': 0, 'channel_id': '1415315586468286528', 'author': {'username': 'Aurelius', 'public_flags': 0, 'primary_guild': None, 'id': '1415287898760286303', 'global_name': None, 'display_name_styles': None, 'discriminator': '7104', 'collectibles': None, 'clan': None, 'bot': True, 'avatar_decoration_data': None, 'avatar': '43b7d0a486c445a1b634ce5df4ed7b71'}, 'attachments': [], 'guild_id': '1415315585818034178'}}
[2025-09-10 15:14:06] [DEBUG   ] discord.client: Dispatching event socket_event_type
[2025-09-10 15:14:06] [DEBUG   ] discord.client: Dispatching event message
[2025-09-10 15:14:06] [DEBUG   ] discord.http: POST https://discord.com/api/v10/channels/1415315586468286528/messages with {"content":"Current stock information for **AAPL**\n\ud83d\udcb5**Price**: $227.85\n\ud83d\udcc8**Change**: -2.77%\n\ud83c\udfe6**Market Cap**: $3.38T","components":[],"nonce":"8346547625039434493","enforce_nonce":true,"tts":false} has returned 200
[2025-09-10 15:14:06] [DEBUG   ] discord.http: POST /channels/{channel_id}/messages has found its initial rate limit bucket hash (3df15bae86f6647dd4dfcbd5c6949480).
[2025-09-10 15:14:06] [DEBUG   ] discord.http: POST https://discord.com/api/v10/channels/1415315586468286528/messages has received {'type': 0, 'content': 'Current stock information for **AAPL**\nüíµ**Price**: $227.85\nüìà**Change**: -2.77%\nüè¶**Market Cap**: $3.38T', 'mentions': [], 'mention_roles': [], 'attachments': [], 'embeds': [], 'timestamp': '2025-09-10T15:14:06.129000+00:00', 'edited_timestamp': None, 'flags': 0, 'components': [], 'id': '1415354656506253483', 'channel_id': '1415315586468286528', 'author': {'id': '1415287898760286303', 'username': 'Aurelius', 'avatar': '43b7d0a486c445a1b634ce5df4ed7b71', 'discriminator': '7104', 'public_flags': 0, 'flags': 0, 'bot': True, 'banner': None, 'accent_color': None, 'global_name': None, 'avatar_decoration_data': None, 'collectibles': None, 'display_name_styles': None, 'banner_color': None, 'clan': None, 'primary_guild': None}, 'pinned': False, 'mention_everyone': False, 'tts': False, 'nonce': '8346547625039434493'}
[2025-09-10 15:14:06] [DEBUG   ] discord.client: Dispatching event command_error
[2025-09-10 15:14:06] [ERROR   ] discord.ext.commands.bot: Ignoring exception in command stock
Traceback (most recent call last):
  File "/usr/local/lib/python3.13/site-packages/discord/ext/commands/core.py", line 266, in wrapped
    ret = await coro(*args, **kwargs)
          ^^^^^^^^^^^^^^^^^^^^^^^^^^^
  File "/workspaces/Aurelius/main.py", line 85, in stock
    embed.add_field(name="üíµ Price", value=f"{price:.2f} {currency}", inline=True)
                                                          ^^^^^^^^
NameError: name 'currency' is not defined

The above exception was the direct cause of the following exception:

Traceback (most recent call last):
  File "/usr/local/lib/python3.13/site-packages/discord/ext/commands/bot.py", line 1376, in invoke
    await ctx.command.invoke(ctx)
  File "/usr/local/lib/python3.13/site-packages/discord/ext/commands/core.py", line 1064, in invoke
    await injected(*ctx.args, **ctx.kwargs)  # type: ignore
    ^^^^^^^^^^^^^^^^^^^^^^^^^^^^^^^^^^^^^^^
  File "/usr/local/lib/python3.13/site-packages/discord/ext/commands/core.py", line 275, in wrapped
    raise CommandInvokeError(exc) from exc
discord.ext.commands.errors.CommandInvokeError: Command raised an exception: NameError: name 'currency' is not defined
[2025-09-10 15:14:38] [DEBUG   ] discord.gateway: Keeping shard ID None websocket alive with sequence 5.
[2025-09-10 15:14:39] [DEBUG   ] discord.gateway: For Shard ID None: WebSocket Event: {'t': None, 's': None, 'op': 11, 'd': None}
